Jan 27, 2020 7:48:26 AM org.apache.karaf.main.Main launch
INFO: Installing and starting initial bundles
Jan 27, 2020 7:48:27 AM org.apache.karaf.main.Main launch
INFO: All initial bundles installed and set to start
Jan 27, 2020 7:48:28 AM org.apache.karaf.main.Main$KarafLockCallback lockAcquired
INFO: Lock acquired. Setting startlevel to 100
Feb 23, 2020 1:57:54 PM org.apache.karaf.main.Main launch
INFO: Installing and starting initial bundles
Feb 23, 2020 1:57:56 PM org.apache.karaf.main.Main launch
INFO: All initial bundles installed and set to start
Feb 23, 2020 1:57:56 PM org.apache.karaf.main.Main$KarafLockCallback lockAcquired
INFO: Lock acquired. Setting startlevel to 100
Feb 23, 2020 2:09:47 PM org.apache.karaf.main.Main launch
INFO: Installing and starting initial bundles
Feb 23, 2020 2:09:48 PM org.apache.karaf.main.Main launch
INFO: All initial bundles installed and set to start
Feb 23, 2020 2:09:48 PM org.apache.karaf.main.Main$KarafLockCallback lockAcquired
INFO: Lock acquired. Setting startlevel to 100
Feb 23, 2020 2:12:32 PM org.apache.karaf.main.Main launch
INFO: Installing and starting initial bundles
Feb 23, 2020 2:12:33 PM org.apache.karaf.main.Main launch
INFO: All initial bundles installed and set to start
Feb 23, 2020 2:12:33 PM org.apache.karaf.main.Main$KarafLockCallback lockAcquired
INFO: Lock acquired. Setting startlevel to 100
Feb 23, 2020 3:42:51 PM org.apache.karaf.main.Main launch
INFO: Installing and starting initial bundles
Feb 23, 2020 3:42:53 PM org.apache.karaf.main.Main launch
INFO: All initial bundles installed and set to start
Feb 23, 2020 3:42:53 PM org.apache.karaf.main.Main$KarafLockCallback lockAcquired
INFO: Lock acquired. Setting startlevel to 100
Feb 27, 2020 3:31:29 AM org.apache.karaf.main.Main launch
INFO: Installing and starting initial bundles
Feb 27, 2020 3:31:31 AM org.apache.karaf.main.Main launch
INFO: All initial bundles installed and set to start
Feb 27, 2020 3:31:31 AM org.apache.karaf.main.Main$KarafLockCallback lockAcquired
INFO: Lock acquired. Setting startlevel to 100
Feb 27, 2020 3:43:32 AM org.apache.karaf.main.Main launch
INFO: Installing and starting initial bundles
Feb 27, 2020 3:43:33 AM org.apache.karaf.main.Main launch
INFO: All initial bundles installed and set to start
Feb 27, 2020 3:43:33 AM org.apache.karaf.main.Main$KarafLockCallback lockAcquired
INFO: Lock acquired. Setting startlevel to 100
Feb 27, 2020 3:51:21 AM org.apache.karaf.main.Main launch
INFO: Installing and starting initial bundles
Feb 27, 2020 3:51:22 AM org.apache.karaf.main.Main launch
INFO: All initial bundles installed and set to start
Feb 27, 2020 3:51:23 AM org.apache.karaf.main.Main$KarafLockCallback lockAcquired
INFO: Lock acquired. Setting startlevel to 100
Feb 27, 2020 3:53:15 AM org.apache.karaf.main.Main launch
INFO: Installing and starting initial bundles
Feb 27, 2020 3:53:17 AM org.apache.karaf.main.Main launch
INFO: All initial bundles installed and set to start
Feb 27, 2020 3:53:17 AM org.apache.karaf.main.Main$KarafLockCallback lockAcquired
INFO: Lock acquired. Setting startlevel to 100
Feb 27, 2020 3:54:55 AM org.apache.karaf.main.Main launch
INFO: Installing and starting initial bundles
Feb 27, 2020 3:54:56 AM org.apache.karaf.main.Main launch
INFO: All initial bundles installed and set to start
Feb 27, 2020 3:54:57 AM org.apache.karaf.main.Main$KarafLockCallback lockAcquired
INFO: Lock acquired. Setting startlevel to 100
Feb 27, 2020 3:59:07 AM org.apache.karaf.main.Main launch
INFO: Installing and starting initial bundles
Feb 27, 2020 3:59:08 AM org.apache.karaf.main.Main launch
INFO: All initial bundles installed and set to start
Feb 27, 2020 3:59:08 AM org.apache.karaf.main.Main$KarafLockCallback lockAcquired
INFO: Lock acquired. Setting startlevel to 100
